<?xml version="1.0" encoding="UTF-8"?>
<testng-results ignored="0" total="1" passed="1" failed="0" skipped="0">
  <reporter-output>
  </reporter-output>
  <suite started-at="2022-11-30T09:50:36 IST" name="Default suite" finished-at="2022-11-30T09:50:46 IST" duration-ms="9507">
    <groups>
    </groups>
    <test started-at="2022-11-30T09:50:36 IST" name="Default test" finished-at="2022-11-30T09:50:46 IST" duration-ms="9507">
      <class name="seleniumFrameWorkExtentReports.extentReports.ExtentReportDemo">
        <test-method is-config="true" signature="config()[pri:0, instance:seleniumFrameWorkExtentReports.extentReports.ExtentReportDemo@351d00c0]" started-at="2022-11-30T09:50:36 IST" name="config" finished-at="2022-11-30T09:50:36 IST" duration-ms="216" status="PASS">
          <reporter-output>
          </reporter-output>
        </test-method> <!-- config -->
        <test-method signature="initialDemo()[pri:0, instance:seleniumFrameWorkExtentReports.extentReports.ExtentReportDemo@351d00c0]" started-at="2022-11-30T09:50:36 IST" name="initialDemo" finished-at="2022-11-30T09:50:46 IST" duration-ms="9227" status="PASS">
          <reporter-output>
          </reporter-output>
        </test-method> <!-- initialDemo -->
      </class> <!-- seleniumFrameWorkExtentReports.extentReports.ExtentReportDemo -->
    </test> <!-- Default test -->
  </suite> <!-- Default suite -->
</testng-results>
